<?xml version="1.0" encoding="UTF-8"?>
<!-- Generated by org.testng.reporters.JUnitReportReporter -->
<testsuite hostname="TMPPUN05GTR1614" failures="0" tests="8" name="Testscript.TC04" time="0.017" errors="0" timestamp="2026-01-15T09:50:34 IST" skipped="0">
  <testcase classname="Testscript.TC04" name="f1" time="0.001"/>
  <testcase classname="Testscript.TC04" name="f1" time="0.001"/>
  <testcase classname="Testscript.TC04" name="f1" time="0.001"/>
  <testcase classname="Testscript.TC04" name="f1" time="0.001"/>
  <testcase classname="Testscript.TC04" name="f" time="0.002"/>
  <testcase classname="Testscript.TC04" name="f" time="0.008"/>
  <testcase classname="Testscript.TC04" name="f" time="0.002"/>
  <testcase classname="Testscript.TC04" name="f" time="0.001"/>
</testsuite> <!-- Testscript.TC04 -->
