<?xml version="1.0" encoding="UTF-8"?>
<testng-results ignored="0" total="3" passed="3" failed="0" skipped="0">
  <reporter-output>
  </reporter-output>
  <suite started-at="2026-01-17T15:40:38 IST" name="Default suite" finished-at="2026-01-17T15:40:59 IST" duration-ms="20552">
    <groups>
    </groups>
    <test started-at="2026-01-17T15:40:38 IST" name="Default test" finished-at="2026-01-17T15:40:59 IST" duration-ms="20552">
      <class name="com.AccessSeleniumDay1.AwesomeTC01">
        <test-method signature="InvokeApp_Awesome()[pri:1, instance:com.AccessSeleniumDay1.AwesomeTC01@25bfcafd]" started-at="2026-01-17T15:40:38 IST" name="InvokeApp_Awesome" finished-at="2026-01-17T15:40:40 IST" duration-ms="1235" status="PASS">
          <reporter-output>
          </reporter-output>
        </test-method> <!-- InvokeApp_Awesome -->
        <test-method signature="Fetch_And_Validate_Title()[pri:2, instance:com.AccessSeleniumDay1.AwesomeTC01@25bfcafd]" started-at="2026-01-17T15:40:40 IST" name="Fetch_And_Validate_Title" finished-at="2026-01-17T15:40:40 IST" duration-ms="10" status="PASS">
          <reporter-output>
          </reporter-output>
        </test-method> <!-- Fetch_And_Validate_Title -->
        <test-method signature="Count_Links_Test()[pri:3, instance:com.AccessSeleniumDay1.AwesomeTC01@25bfcafd]" started-at="2026-01-17T15:40:40 IST" name="Count_Links_Test" finished-at="2026-01-17T15:40:59 IST" duration-ms="19278" status="PASS">
          <reporter-output>
          </reporter-output>
        </test-method> <!-- Count_Links_Test -->
      </class> <!-- com.AccessSeleniumDay1.AwesomeTC01 -->
    </test> <!-- Default test -->
  </suite> <!-- Default suite -->
</testng-results>
