<?xml version="1.0" encoding="UTF-8"?>
<!-- Generated by org.testng.reporters.JUnitXMLReporter -->
<testsuite ignored="0" hostname="TMPPUN05GTR1614" failures="0" tests="3" name="Default test" time="20.552" errors="0" timestamp="2026-01-17T15:40:59 IST">
  <testcase classname="com.AccessSeleniumDay1.AwesomeTC01" name="InvokeApp_Awesome" time="1.235"/>
  <testcase classname="com.AccessSeleniumDay1.AwesomeTC01" name="Fetch_And_Validate_Title" time="0.01"/>
  <testcase classname="com.AccessSeleniumDay1.AwesomeTC01" name="Count_Links_Test" time="19.278"/>
</testsuite> <!-- Default test -->
