<?xml version="1.0" encoding="UTF-8"?>
<testng-results ignored="0" total="1" passed="1" failed="0" skipped="0">
  <reporter-output>
  </reporter-output>
  <suite started-at="2026-01-23T14:57:04 IST" name="Default suite" finished-at="2026-01-23T14:57:04 IST" duration-ms="46">
    <groups>
    </groups>
    <test started-at="2026-01-23T14:57:04 IST" name="Default test" finished-at="2026-01-23T14:57:04 IST" duration-ms="46">
      <class name="Testscript.NewTest">
        <test-method signature="testMultipleValidations()[pri:0, instance:Testscript.NewTest@38c6f217]" started-at="2026-01-23T14:57:04 IST" name="testMultipleValidations" finished-at="2026-01-23T14:57:04 IST" duration-ms="15" status="PASS">
          <reporter-output>
          </reporter-output>
        </test-method> <!-- testMultipleValidations -->
      </class> <!-- Testscript.NewTest -->
    </test> <!-- Default test -->
  </suite> <!-- Default suite -->
</testng-results>
