<?xml version="1.0" encoding="UTF-8"?>
<testng-results ignored="0" total="1" passed="1" failed="0" skipped="0">
  <reporter-output>
  </reporter-output>
  <suite started-at="2026-01-21T12:02:41 IST" name="Default suite" finished-at="2026-01-21T12:02:42 IST" duration-ms="1409">
    <groups>
    </groups>
    <test started-at="2026-01-21T12:02:41 IST" name="Default test" finished-at="2026-01-21T12:02:42 IST" duration-ms="1409">
      <class name="ExcelReadPOI.ExcelReadPOI.TC_Automate_Excel">
        <test-method signature="SearchStringPass_Google()[pri:0, instance:ExcelReadPOI.ExcelReadPOI.TC_Automate_Excel@2d1dee39]" started-at="2026-01-21T12:02:41 IST" name="SearchStringPass_Google" finished-at="2026-01-21T12:02:42 IST" duration-ms="1383" status="PASS">
          <reporter-output>
          </reporter-output>
        </test-method> <!-- SearchStringPass_Google -->
      </class> <!-- ExcelReadPOI.ExcelReadPOI.TC_Automate_Excel -->
    </test> <!-- Default test -->
  </suite> <!-- Default suite -->
</testng-results>
