<?xml version="1.0" encoding="UTF-8"?>
<!-- Generated by org.testng.reporters.JUnitReportReporter -->
<testsuite hostname="TMPPUN05GTR1614" failures="0" tests="3" name="com.AccessSeleniumDay1.AwesomeTC01" time="20.523" errors="0" timestamp="2026-01-17T15:40:59 IST" skipped="0">
  <testcase classname="com.AccessSeleniumDay1.AwesomeTC01" name="InvokeApp_Awesome" time="1.235"/>
  <testcase classname="com.AccessSeleniumDay1.AwesomeTC01" name="Fetch_And_Validate_Title" time="0.010"/>
  <testcase classname="com.AccessSeleniumDay1.AwesomeTC01" name="Count_Links_Test" time="19.278"/>
</testsuite> <!-- com.AccessSeleniumDay1.AwesomeTC01 -->
