<?xml version="1.0" encoding="UTF-8"?>
<testng-results ignored="0" total="2" passed="2" failed="0" skipped="0">
  <reporter-output>
  </reporter-output>
  <suite started-at="2026-01-24T14:56:39 IST" name="Default suite" finished-at="2026-01-24T14:56:39 IST" duration-ms="558">
    <groups>
      <group name="cucumber">
        <method signature="AbstractTestNGCucumberTests.runScenario(io.cucumber.testng.PickleWrapper,io.cucumber.testng.FeatureWrapper)[pri:0, instance:bdd1.smoketest02@5c5eefef]" name="runScenario" class="io.cucumber.testng.AbstractTestNGCucumberTests"/>
      </group> <!-- cucumber -->
    </groups>
    <test started-at="2026-01-24T14:56:39 IST" name="Default test" finished-at="2026-01-24T14:56:39 IST" duration-ms="558">
      <class name="bdd1.smoketest02">
        <test-method is-config="true" signature="setUpClass()[pri:0, instance:bdd1.smoketest02@5c5eefef]" started-at="2026-01-24T14:56:39 IST" name="setUpClass" finished-at="2026-01-24T14:56:39 IST" duration-ms="330" status="PASS">
          <reporter-output>
          </reporter-output>
        </test-method> <!-- setUpClass -->
        <test-method signature="runScenario(io.cucumber.testng.PickleWrapper,io.cucumber.testng.FeatureWrapper)[pri:0, instance:bdd1.smoketest02@5c5eefef]" started-at="2026-01-24T14:56:39 IST" name="runScenario" description="Runs Cucumber Scenarios" data-provider="scenarios" finished-at="2026-01-24T14:56:39 IST" duration-ms="112" status="PASS">
          <params>
            <param index="0">
              <value>
                <![CDATA["Title of your scenario"]]>
              </value>
            </param>
            <param index="1">
              <value>
                <![CDATA["Optional[Title of your feature]"]]>
              </value>
            </param>
          </params>
          <reporter-output>
          </reporter-output>
        </test-method> <!-- runScenario -->
        <test-method signature="runScenario(io.cucumber.testng.PickleWrapper,io.cucumber.testng.FeatureWrapper)[pri:0, instance:bdd1.smoketest02@5c5eefef]" started-at="2026-01-24T14:56:39 IST" name="runScenario" description="Runs Cucumber Scenarios" data-provider="scenarios" finished-at="2026-01-24T14:56:39 IST" duration-ms="10" status="PASS">
          <params>
            <param index="0">
              <value>
                <![CDATA["To check i can perform addition"]]>
              </value>
            </param>
            <param index="1">
              <value>
                <![CDATA["Optional[To test the basic calculator]"]]>
              </value>
            </param>
          </params>
          <reporter-output>
          </reporter-output>
        </test-method> <!-- runScenario -->
        <test-method is-config="true" signature="tearDownClass()[pri:0, instance:bdd1.smoketest02@5c5eefef]" started-at="2026-01-24T14:56:39 IST" name="tearDownClass" finished-at="2026-01-24T14:56:39 IST" duration-ms="74" status="PASS">
          <reporter-output>
          </reporter-output>
        </test-method> <!-- tearDownClass -->
      </class> <!-- bdd1.smoketest02 -->
    </test> <!-- Default test -->
  </suite> <!-- Default suite -->
</testng-results>
