<?xml version="1.0" encoding="UTF-8"?>
<testng-results ignored="0" total="2" passed="2" failed="0" skipped="0">
  <reporter-output>
  </reporter-output>
  <suite started-at="2026-01-27T12:45:27 IST" name="Default suite" finished-at="2026-01-27T12:45:28 IST" duration-ms="576">
    <groups>
      <group name="cucumber">
        <method signature="AbstractTestNGCucumberTests.runScenario(io.cucumber.testng.PickleWrapper,io.cucumber.testng.FeatureWrapper)[pri:0, instance:bdd1.smoketest02@5c5eefef]" name="runScenario" class="io.cucumber.testng.AbstractTestNGCucumberTests"/>
      </group> <!-- cucumber -->
    </groups>
    <test started-at="2026-01-27T12:45:27 IST" name="Default test" finished-at="2026-01-27T12:45:28 IST" duration-ms="576">
      <class name="bdd1.smoketest02">
        <test-method is-config="true" signature="setUpClass()[pri:0, instance:bdd1.smoketest02@5c5eefef]" started-at="2026-01-27T12:45:27 IST" name="setUpClass" finished-at="2026-01-27T12:45:27 IST" duration-ms="339" status="PASS">
          <reporter-output>
          </reporter-output>
        </test-method> <!-- setUpClass -->
        <test-method signature="runScenario(io.cucumber.testng.PickleWrapper,io.cucumber.testng.FeatureWrapper)[pri:0, instance:bdd1.smoketest02@5c5eefef]" started-at="2026-01-27T12:45:27 IST" name="runScenario" description="Runs Cucumber Scenarios" data-provider="scenarios" finished-at="2026-01-27T12:45:28 IST" duration-ms="126" status="PASS">
          <params>
            <param index="0">
              <value>
                <![CDATA["Title of your scenario outline"]]>
              </value>
            </param>
            <param index="1">
              <value>
                <![CDATA["Optional[User Login Update Status]"]]>
              </value>
            </param>
          </params>
          <reporter-output>
          </reporter-output>
        </test-method> <!-- runScenario -->
        <test-method signature="runScenario(io.cucumber.testng.PickleWrapper,io.cucumber.testng.FeatureWrapper)[pri:0, instance:bdd1.smoketest02@5c5eefef]" started-at="2026-01-27T12:45:28 IST" name="runScenario" description="Runs Cucumber Scenarios" data-provider="scenarios" finished-at="2026-01-27T12:45:28 IST" duration-ms="11" status="PASS">
          <params>
            <param index="0">
              <value>
                <![CDATA["Title of your scenario outline"]]>
              </value>
            </param>
            <param index="1">
              <value>
                <![CDATA["Optional[User Login Update Status]"]]>
              </value>
            </param>
          </params>
          <reporter-output>
          </reporter-output>
        </test-method> <!-- runScenario -->
        <test-method is-config="true" signature="tearDownClass()[pri:0, instance:bdd1.smoketest02@5c5eefef]" started-at="2026-01-27T12:45:28 IST" name="tearDownClass" finished-at="2026-01-27T12:45:28 IST" duration-ms="69" status="PASS">
          <reporter-output>
          </reporter-output>
        </test-method> <!-- tearDownClass -->
      </class> <!-- bdd1.smoketest02 -->
    </test> <!-- Default test -->
  </suite> <!-- Default suite -->
</testng-results>
